<?xml version="1.0" encoding="UTF-8"?>
<testng-results skipped="0" failed="3" total="7" passed="4">
  <reporter-output>
  </reporter-output>
  <suite name="UserCreationSuite" duration-ms="152625" started-at="2012-04-03T12:06:45Z" finished-at="2012-04-03T12:09:18Z">
    <groups>
    </groups>
    <test name="UserCreationTests" duration-ms="152625" started-at="2012-04-03T12:06:45Z" finished-at="2012-04-03T12:09:18Z">
      <class name="mainPackage.tests.SalesTests">
        <test-method status="PASS" signature="setUp(java.lang.String)[pri:0, instance:mainPackage.tests.SalesTests@1e9e5c73]" name="setUp" is-config="true" duration-ms="2" started-at="2012-04-03T12:07:39Z" finished-at="2012-04-03T12:07:39Z">
          <params>
            <param index="0">
              <value is-null="true"/>
            </param>
          </params>
        </test-method>
        <test-method status="PASS" signature="salesCannotBeAddedWithEmptyFields()[pri:0, instance:mainPackage.tests.SalesTests@1e9e5c73]" name="salesCannotBeAddedWithEmptyFields" duration-ms="8217" started-at="2012-04-03T12:07:39Z" finished-at="2012-04-03T12:07:47Z">
        </test-method>
        <test-method status="PASS" signature="salesUnderAdminCanBeCreated()[pri:0, instance:mainPackage.tests.SalesTests@1e9e5c73]" name="salesUnderAdminCanBeCreated" duration-ms="38460" started-at="2012-04-03T12:07:47Z" finished-at="2012-04-03T12:08:26Z">
        </test-method>
        <test-method status="PASS" signature="tearDown()[pri:0, instance:mainPackage.tests.SalesTests@1e9e5c73]" name="tearDown" is-config="true" duration-ms="598" started-at="2012-04-03T12:09:17Z" finished-at="2012-04-03T12:09:18Z">
        </test-method>
      </class>
      <class name="mainPackage.tests.LeadProviderCreationTests">
        <test-method status="PASS" signature="setUp(java.lang.String)[pri:0, instance:mainPackage.tests.LeadProviderCreationTests@303020ad]" name="setUp" is-config="true" duration-ms="6" started-at="2012-04-03T12:09:07Z" finished-at="2012-04-03T12:09:07Z">
          <params>
            <param index="0">
              <value is-null="true"/>
            </param>
          </params>
        </test-method>
        <test-method status="PASS" signature="LeadProviderCanBeAdded()[pri:0, instance:mainPackage.tests.LeadProviderCreationTests@303020ad]" name="LeadProviderCanBeAdded" duration-ms="10450" started-at="2012-04-03T12:09:07Z" finished-at="2012-04-03T12:09:17Z">
        </test-method>
      </class>
      <class name="mainPackage.tests.AffiliateCreationTest">
        <test-method status="PASS" signature="setUp(java.lang.String)[pri:0, instance:mainPackage.tests.AffiliateCreationTest@2ec791b9]" name="setUp" is-config="true" duration-ms="145" started-at="2012-04-03T12:06:45Z" finished-at="2012-04-03T12:06:45Z">
          <params>
            <param index="0">
              <value is-null="true"/>
            </param>
          </params>
        </test-method>
        <test-method status="PASS" signature="AffiliateCannotBeAddedWithEmptyFields()[pri:0, instance:mainPackage.tests.AffiliateCreationTest@2ec791b9]" name="AffiliateCannotBeAddedWithEmptyFields" duration-ms="53402" started-at="2012-04-03T12:06:45Z" finished-at="2012-04-03T12:07:39Z">
        </test-method>
      </class>
      <class name="mainPackage.tests.EnterpriseCreationTests">
        <test-method status="PASS" signature="setUp(java.lang.String)[pri:0, instance:mainPackage.tests.EnterpriseCreationTests@27b15692]" name="setUp" is-config="true" duration-ms="2" started-at="2012-04-03T12:08:26Z" finished-at="2012-04-03T12:08:26Z">
          <params>
            <param index="0">
              <value is-null="true"/>
            </param>
          </params>
        </test-method>
        <test-method status="FAIL" signature="EnterpriseCanBeAdded(mainPackage.frameWork.Enterprise.EnterpriseUserObject)[pri:0, instance:mainPackage.tests.EnterpriseCreationTests@27b15692]" name="EnterpriseCanBeAdded" duration-ms="19785" started-at="2012-04-03T12:08:26Z" finished-at="2012-04-03T12:08:45Z">
          <params>
            <param index="0">
              <value>
                <![CDATA[mainPackage.frameWork.Enterprise.EnterpriseUserObject@26dfe303]]>
              </value>
            </param>
          </params>
          <exception class="org.openqa.selenium.NoSuchElementException">
            <message>
              <![CDATA[Unable to locate element: {"method":"id","selector":"MainBodyPlaceHolder_ContentPlaceHolder1_gvSearchResult_lbtnEdit_0"}
Command duration or timeout: 15.03 seconds
For documentation on this error, please visit: http://seleniumhq.org/exceptions/no_such_element.html
Build info: version: '2.15.0', revision: '15105', time: '2011-12-08 09:56:25'
System info: os.name: 'Windows 7', os.arch: 'amd64', os.version: '6.1', java.version: '1.6.0_30'
Driver info: driver.version: RemoteWebDriver]]>
            </message>
            <full-stacktrace>
              <![CDATA[org.openqa.selenium.NoSuchElementException: Unable to locate element: {"method":"id","selector":"MainBodyPlaceHolder_ContentPlaceHolder1_gvSearchResult_lbtnEdit_0"}
Command duration or timeout: 15.03 seconds
For documentation on this error, please visit: http://seleniumhq.org/exceptions/no_such_element.html
Build info: version: '2.15.0', revision: '15105', time: '2011-12-08 09:56:25'
System info: os.name: 'Windows 7', os.arch: 'amd64', os.version: '6.1', java.version: '1.6.0_30'
Driver info: driver.version: RemoteWebDriver
	at sun.reflect.NativeConstructorAccessorImpl.newInstance0(Native Method)
	at sun.reflect.NativeConstructorAccessorImpl.newInstance(Unknown Source)
	at sun.reflect.DelegatingConstructorAccessorImpl.newInstance(Unknown Source)
	at java.lang.reflect.Constructor.newInstance(Unknown Source)
	at org.openqa.selenium.remote.ErrorHandler.createThrowable(ErrorHandler.java:147)
	at org.openqa.selenium.remote.ErrorHandler.throwIfResponseFailed(ErrorHandler.java:113)
	at org.openqa.selenium.remote.RemoteWebDriver.execute(RemoteWebDriver.java:424)
	at org.openqa.selenium.remote.RemoteWebDriver.findElement(RemoteWebDriver.java:210)
	at org.openqa.selenium.remote.RemoteWebDriver.findElementById(RemoteWebDriver.java:227)
	at org.openqa.selenium.By$ById.findElement(By.java:216)
	at org.openqa.selenium.remote.RemoteWebDriver.findElement(RemoteWebDriver.java:202)
	at mainPackage.frameWork.HelperWithWebDriverBase.findElement(HelperWithWebDriverBase.java:76)
	at mainPackage.frameWork.HelperWithWebDriverBase.click(HelperWithWebDriverBase.java:90)
	at mainPackage.frameWork.VerifyHelper.verifyEnterpriseAdded(VerifyHelper.java:39)
	at mainPackage.tests.EnterpriseCreationTests.EnterpriseCanBeAdded(EnterpriseCreationTests.java:29)
	at sun.reflect.NativeMethodAccessorImpl.invoke0(Native Method)
	at sun.reflect.NativeMethodAccessorImpl.invoke(Unknown Source)
	at sun.reflect.DelegatingMethodAccessorImpl.invoke(Unknown Source)
	at java.lang.reflect.Method.invoke(Unknown Source)
	at org.testng.internal.MethodInvocationHelper.invokeMethod(MethodInvocationHelper.java:80)
	at org.testng.internal.Invoker.invokeMethod(Invoker.java:691)
	at org.testng.internal.Invoker.invokeTestMethod(Invoker.java:883)
	at org.testng.internal.Invoker.invokeTestMethods(Invoker.java:1208)
	at org.testng.internal.TestMethodWorker.invokeTestMethods(TestMethodWorker.java:127)
	at org.testng.internal.TestMethodWorker.run(TestMethodWorker.java:111)
	at org.testng.TestRunner.privateRun(TestRunner.java:758)
	at org.testng.TestRunner.run(TestRunner.java:613)
	at org.testng.SuiteRunner.runTest(SuiteRunner.java:334)
	at org.testng.SuiteRunner.runSequentially(SuiteRunner.java:329)
	at org.testng.SuiteRunner.privateRun(SuiteRunner.java:291)
	at org.testng.SuiteRunner.run(SuiteRunner.java:240)
	at org.testng.SuiteRunnerWorker.runSuite(SuiteRunnerWorker.java:53)
	at org.testng.SuiteRunnerWorker.run(SuiteRunnerWorker.java:87)
	at org.testng.TestNG.runSuitesSequentially(TestNG.java:1142)
	at org.testng.TestNG.runSuitesLocally(TestNG.java:1067)
	at org.testng.TestNG.run(TestNG.java:979)
	at org.testng.remote.RemoteTestNG.run(RemoteTestNG.java:109)
	at org.testng.remote.RemoteTestNG.initAndRun(RemoteTestNG.java:202)
	at org.testng.remote.RemoteTestNG.main(RemoteTestNG.java:173)
Caused by: org.openqa.selenium.remote.ErrorHandler$UnknownServerException: Unable to locate element: {"method":"id","selector":"MainBodyPlaceHolder_ContentPlaceHolder1_gvSearchResult_lbtnEdit_0"}
Build info: version: '2.15.0', revision: '15105', time: '2011-12-08 09:56:25'
System info: os.name: 'Windows 7', os.arch: 'amd64', os.version: '6.1', java.version: '1.6.0_30'
Driver info: driver.version: unknown
	at <anonymous class>.<anonymous method>(file:///C:/Users/Xotabu4/AppData/Local/Temp/anonymous1132708679635023022webdriver-profile/extensions/fxdriver@googlecode.com/components/driver-component.js -> file:///C:/Users/Xotabu4/AppData/Local/Temp/anonymous1132708679635023022webdriver-profile/extensions/fxdriver@googlecode.com/components/firefoxDriver.js:383)
	at <anonymous class>.<anonymous method>(resource://fxdriver/modules/atoms.js:9851)
]]>
            </full-stacktrace>
          </exception>
        </test-method>
        <test-method status="FAIL" signature="EnterpriseCanBeAddedWithExistingNameThatCorrectedToNonExistingName(mainPackage.frameWork.Enterprise.EnterpriseUserObject)[pri:0, instance:mainPackage.tests.EnterpriseCreationTests@27b15692]" name="EnterpriseCanBeAddedWithExistingNameThatCorrectedToNonExistingName" duration-ms="18446" started-at="2012-04-03T12:08:45Z" finished-at="2012-04-03T12:09:04Z">
          <params>
            <param index="0">
              <value>
                <![CDATA[mainPackage.frameWork.Enterprise.EnterpriseUserObject@121321f5]]>
              </value>
            </param>
          </params>
          <exception class="org.openqa.selenium.NoSuchElementException">
            <message>
              <![CDATA[Unable to locate element: {"method":"css selector","selector":".form-error-notif-message"}
Command duration or timeout: 15.10 seconds
For documentation on this error, please visit: http://seleniumhq.org/exceptions/no_such_element.html
Build info: version: '2.15.0', revision: '15105', time: '2011-12-08 09:56:25'
System info: os.name: 'Windows 7', os.arch: 'amd64', os.version: '6.1', java.version: '1.6.0_30'
Driver info: driver.version: RemoteWebDriver]]>
            </message>
            <full-stacktrace>
              <![CDATA[org.openqa.selenium.NoSuchElementException: Unable to locate element: {"method":"css selector","selector":".form-error-notif-message"}
Command duration or timeout: 15.10 seconds
For documentation on this error, please visit: http://seleniumhq.org/exceptions/no_such_element.html
Build info: version: '2.15.0', revision: '15105', time: '2011-12-08 09:56:25'
System info: os.name: 'Windows 7', os.arch: 'amd64', os.version: '6.1', java.version: '1.6.0_30'
Driver info: driver.version: RemoteWebDriver
	at sun.reflect.NativeConstructorAccessorImpl.newInstance0(Native Method)
	at sun.reflect.NativeConstructorAccessorImpl.newInstance(Unknown Source)
	at sun.reflect.DelegatingConstructorAccessorImpl.newInstance(Unknown Source)
	at java.lang.reflect.Constructor.newInstance(Unknown Source)
	at org.openqa.selenium.remote.ErrorHandler.createThrowable(ErrorHandler.java:147)
	at org.openqa.selenium.remote.ErrorHandler.throwIfResponseFailed(ErrorHandler.java:113)
	at org.openqa.selenium.remote.RemoteWebDriver.execute(RemoteWebDriver.java:424)
	at org.openqa.selenium.remote.RemoteWebDriver.findElement(RemoteWebDriver.java:210)
	at org.openqa.selenium.remote.RemoteWebDriver.findElementByCssSelector(RemoteWebDriver.java:275)
	at org.openqa.selenium.By$ByCssSelector.findElement(By.java:407)
	at org.openqa.selenium.remote.RemoteWebDriver.findElement(RemoteWebDriver.java:202)
	at mainPackage.frameWork.HelperWithWebDriverBase.findElement(HelperWithWebDriverBase.java:76)
	at mainPackage.frameWork.VerifyHelper.verifyExistNameErrorIsAppear(VerifyHelper.java:229)
	at mainPackage.tests.EnterpriseCreationTests.EnterpriseCanBeAddedWithExistingNameThatCorrectedToNonExistingName(EnterpriseCreationTests.java:46)
	at sun.reflect.NativeMethodAccessorImpl.invoke0(Native Method)
	at sun.reflect.NativeMethodAccessorImpl.invoke(Unknown Source)
	at sun.reflect.DelegatingMethodAccessorImpl.invoke(Unknown Source)
	at java.lang.reflect.Method.invoke(Unknown Source)
	at org.testng.internal.MethodInvocationHelper.invokeMethod(MethodInvocationHelper.java:80)
	at org.testng.internal.Invoker.invokeMethod(Invoker.java:691)
	at org.testng.internal.Invoker.invokeTestMethod(Invoker.java:883)
	at org.testng.internal.Invoker.invokeTestMethods(Invoker.java:1208)
	at org.testng.internal.TestMethodWorker.invokeTestMethods(TestMethodWorker.java:127)
	at org.testng.internal.TestMethodWorker.run(TestMethodWorker.java:111)
	at org.testng.TestRunner.privateRun(TestRunner.java:758)
	at org.testng.TestRunner.run(TestRunner.java:613)
	at org.testng.SuiteRunner.runTest(SuiteRunner.java:334)
	at org.testng.SuiteRunner.runSequentially(SuiteRunner.java:329)
	at org.testng.SuiteRunner.privateRun(SuiteRunner.java:291)
	at org.testng.SuiteRunner.run(SuiteRunner.java:240)
	at org.testng.SuiteRunnerWorker.runSuite(SuiteRunnerWorker.java:53)
	at org.testng.SuiteRunnerWorker.run(SuiteRunnerWorker.java:87)
	at org.testng.TestNG.runSuitesSequentially(TestNG.java:1142)
	at org.testng.TestNG.runSuitesLocally(TestNG.java:1067)
	at org.testng.TestNG.run(TestNG.java:979)
	at org.testng.remote.RemoteTestNG.run(RemoteTestNG.java:109)
	at org.testng.remote.RemoteTestNG.initAndRun(RemoteTestNG.java:202)
	at org.testng.remote.RemoteTestNG.main(RemoteTestNG.java:173)
Caused by: org.openqa.selenium.remote.ErrorHandler$UnknownServerException: Unable to locate element: {"method":"css selector","selector":".form-error-notif-message"}
Build info: version: '2.15.0', revision: '15105', time: '2011-12-08 09:56:25'
System info: os.name: 'Windows 7', os.arch: 'amd64', os.version: '6.1', java.version: '1.6.0_30'
Driver info: driver.version: unknown
	at <anonymous class>.<anonymous method>(file:///C:/Users/Xotabu4/AppData/Local/Temp/anonymous1132708679635023022webdriver-profile/extensions/fxdriver@googlecode.com/components/driver-component.js -> file:///C:/Users/Xotabu4/AppData/Local/Temp/anonymous1132708679635023022webdriver-profile/extensions/fxdriver@googlecode.com/components/firefoxDriver.js:383)
	at <anonymous class>.<anonymous method>(resource://fxdriver/modules/atoms.js:9851)
]]>
            </full-stacktrace>
          </exception>
        </test-method>
        <test-method status="FAIL" signature="EnterpriseCannotBeAddedWithEmptyFields()[pri:0, instance:mainPackage.tests.EnterpriseCreationTests@27b15692]" name="EnterpriseCannotBeAddedWithEmptyFields" duration-ms="3009" started-at="2012-04-03T12:09:04Z" finished-at="2012-04-03T12:09:07Z">
          <exception class="java.lang.AssertionError">
            <message>
              <![CDATA[
Expected: <16>
     got: <23>
]]>
            </message>
            <full-stacktrace>
              <![CDATA[java.lang.AssertionError: 
Expected: <16>
     got: <23>

	at org.hamcrest.MatcherAssert.assertThat(MatcherAssert.java:21)
	at org.hamcrest.MatcherAssert.assertThat(MatcherAssert.java:8)
	at mainPackage.frameWork.VerifyHelper.verifyThatValidationBlockCreating(VerifyHelper.java:223)
	at mainPackage.tests.EnterpriseCreationTests.EnterpriseCannotBeAddedWithEmptyFields(EnterpriseCreationTests.java:77)
	at sun.reflect.NativeMethodAccessorImpl.invoke0(Native Method)
	at sun.reflect.NativeMethodAccessorImpl.invoke(Unknown Source)
	at sun.reflect.DelegatingMethodAccessorImpl.invoke(Unknown Source)
	at java.lang.reflect.Method.invoke(Unknown Source)
	at org.testng.internal.MethodInvocationHelper.invokeMethod(MethodInvocationHelper.java:80)
	at org.testng.internal.Invoker.invokeMethod(Invoker.java:691)
	at org.testng.internal.Invoker.invokeTestMethod(Invoker.java:883)
	at org.testng.internal.Invoker.invokeTestMethods(Invoker.java:1208)
	at org.testng.internal.TestMethodWorker.invokeTestMethods(TestMethodWorker.java:127)
	at org.testng.internal.TestMethodWorker.run(TestMethodWorker.java:111)
	at org.testng.TestRunner.privateRun(TestRunner.java:758)
	at org.testng.TestRunner.run(TestRunner.java:613)
	at org.testng.SuiteRunner.runTest(SuiteRunner.java:334)
	at org.testng.SuiteRunner.runSequentially(SuiteRunner.java:329)
	at org.testng.SuiteRunner.privateRun(SuiteRunner.java:291)
	at org.testng.SuiteRunner.run(SuiteRunner.java:240)
	at org.testng.SuiteRunnerWorker.runSuite(SuiteRunnerWorker.java:53)
	at org.testng.SuiteRunnerWorker.run(SuiteRunnerWorker.java:87)
	at org.testng.TestNG.runSuitesSequentially(TestNG.java:1142)
	at org.testng.TestNG.runSuitesLocally(TestNG.java:1067)
	at org.testng.TestNG.run(TestNG.java:979)
	at org.testng.remote.RemoteTestNG.run(RemoteTestNG.java:109)
	at org.testng.remote.RemoteTestNG.initAndRun(RemoteTestNG.java:202)
	at org.testng.remote.RemoteTestNG.main(RemoteTestNG.java:173)
]]>
            </full-stacktrace>
          </exception>
        </test-method>
      </class>
    </test>
  </suite>
</testng-results>
