<html>
<head>
<title>TestNG:  UserCreationTests</title>
<link href="../testng.css" rel="stylesheet" type="text/css" />
<link href="../my-testng.css" rel="stylesheet" type="text/css" />

<style type="text/css">
.log { display: none;} 
.stack-trace { display: none;} 
</style>
<script type="text/javascript">
<!--
function flip(e) {
  current = e.style.display;
  if (current == 'block') {
    e.style.display = 'none';
    return 0;
  }
  else {
    e.style.display = 'block';
    return 1;
  }
}

function toggleBox(szDivId, elem, msg1, msg2)
{
  var res = -1;  if (document.getElementById) {
    res = flip(document.getElementById(szDivId));
  }
  else if (document.all) {
    // this is the way old msie versions work
    res = flip(document.all[szDivId]);
  }
  if(elem) {
    if(res == 0) elem.innerHTML = msg1; else elem.innerHTML = msg2;
  }

}

function toggleAllBoxes() {
  if (document.getElementsByTagName) {
    d = document.getElementsByTagName('div');
    for (i = 0; i < d.length; i++) {
      if (d[i].className == 'log') {
        flip(d[i]);
      }
    }
  }
}

// -->
</script>

</head>
<body>
<h2 align='center'>UserCreationTests</h2><table border='1' align="center">
<tr>
<td>Tests passed/Failed/Skipped:</td><td>4/3/0</td>
</tr><tr>
<td>Started on:</td><td>Tue Apr 03 12:06:45 EEST 2012</td>
</tr>
<tr><td>Total time:</td><td>152 seconds (152625 ms)</td>
</tr><tr>
<td>Included groups:</td><td></td>
</tr><tr>
<td>Excluded groups:</td><td></td>
</tr>
</table><p/>
<small><i>(Hover the method name to see the test class name)</i></small><p/>
<table width='100%' border='1' class='invocation-failed'>
<tr><td colspan='4' align='center'><b>FAILED TESTS</b></td></tr>
<tr><td><b>Test method</b></td>
<td width="30%"><b>Exception</b></td>
<td width="10%"><b>Time (seconds)</b></td>
<td><b>Instance</b></td>
</tr>
<tr>
<td title='mainPackage.tests.EnterpriseCreationTests.EnterpriseCanBeAdded()'><b>EnterpriseCanBeAdded</b><br>Test class: mainPackage.tests.EnterpriseCreationTests<br>Parameters: mainPackage.frameWork.Enterprise.EnterpriseUserObject@26dfe303</td>
<td><div><pre>org.openqa.selenium.NoSuchElementException: Unable to locate element: {&quot;method&quot;:&quot;id&quot;,&quot;selector&quot;:&quot;MainBodyPlaceHolder_ContentPlaceHolder1_gvSearchResult_lbtnEdit_0&quot;}
Command duration or timeout: 15.03 seconds
For documentation on this error, please visit: http://seleniumhq.org/exceptions/no_such_element.html
Build info: version: &apos;2.15.0&apos;, revision: &apos;15105&apos;, time: &apos;2011-12-08 09:56:25&apos;
System info: os.name: &apos;Windows 7&apos;, os.arch: &apos;amd64&apos;, os.version: &apos;6.1&apos;, java.version: &apos;1.6.0_30&apos;
Driver info: driver.version: RemoteWebDriver
	at org.openqa.selenium.remote.ErrorHandler.createThrowable(ErrorHandler.java:147)
	at org.openqa.selenium.remote.ErrorHandler.throwIfResponseFailed(ErrorHandler.java:113)
	at org.openqa.selenium.remote.RemoteWebDriver.execute(RemoteWebDriver.java:424)
	at org.openqa.selenium.remote.RemoteWebDriver.findElement(RemoteWebDriver.java:210)
	at org.openqa.selenium.remote.RemoteWebDriver.findElementById(RemoteWebDriver.java:227)
	at org.openqa.selenium.By$ById.findElement(By.java:216)
	at org.openqa.selenium.remote.RemoteWebDriver.findElement(RemoteWebDriver.java:202)
	at mainPackage.frameWork.HelperWithWebDriverBase.findElement(HelperWithWebDriverBase.java:76)
	at mainPackage.frameWork.HelperWithWebDriverBase.click(HelperWithWebDriverBase.java:90)
	at mainPackage.frameWork.VerifyHelper.verifyEnterpriseAdded(VerifyHelper.java:39)
	at mainPackage.tests.EnterpriseCreationTests.EnterpriseCanBeAdded(EnterpriseCreationTests.java:29)
Caused by: org.openqa.selenium.remote.ErrorHandler$UnknownServerException: Unable to locate element: {&quot;method&quot;:&quot;id&quot;,&quot;selector&quot;:&quot;MainBodyPlaceHolder_ContentPlaceHolder1_gvSearchResult_lbtnEdit_0&quot;}
Build info: version: &apos;2.15.0&apos;, revision: &apos;15105&apos;, time: &apos;2011-12-08 09:56:25&apos;
System info: os.name: &apos;Windows 7&apos;, os.arch: &apos;amd64&apos;, os.version: &apos;6.1&apos;, java.version: &apos;1.6.0_30&apos;
Driver info: driver.version: unknown
	at &lt;anonymous class&gt;.&lt;anonymous method&gt;(file:///C:/Users/Xotabu4/AppData/Local/Temp/anonymous1132708679635023022webdriver-profile/extensions/fxdriver@googlecode.com/components/driver-component.js -&gt; file:///C:/Users/Xotabu4/AppData/Local/Temp/anonymous1132708679635023022webdriver-profile/extensions/fxdriver@googlecode.com/components/firefoxDriver.js:383)
	at &lt;anonymous class&gt;.&lt;anonymous method&gt;(resource://fxdriver/modules/atoms.js:9851)
... Removed 28 stack frames</pre></div><a href='#' onClick='toggleBox("stack-trace963427735", this, "Click to show all stack frames", "Click to hide stack frames")'>Click to show all stack frames</a>
<div class='stack-trace' id='stack-trace963427735'><pre>org.openqa.selenium.NoSuchElementException: Unable to locate element: {"method":"id","selector":"MainBodyPlaceHolder_ContentPlaceHolder1_gvSearchResult_lbtnEdit_0"}
Command duration or timeout: 15.03 seconds
For documentation on this error, please visit: http://seleniumhq.org/exceptions/no_such_element.html
Build info: version: '2.15.0', revision: '15105', time: '2011-12-08 09:56:25'
System info: os.name: 'Windows 7', os.arch: 'amd64', os.version: '6.1', java.version: '1.6.0_30'
Driver info: driver.version: RemoteWebDriver
	at sun.reflect.NativeConstructorAccessorImpl.newInstance0(Native Method)
	at sun.reflect.NativeConstructorAccessorImpl.newInstance(Unknown Source)
	at sun.reflect.DelegatingConstructorAccessorImpl.newInstance(Unknown Source)
	at java.lang.reflect.Constructor.newInstance(Unknown Source)
	at org.openqa.selenium.remote.ErrorHandler.createThrowable(ErrorHandler.java:147)
	at org.openqa.selenium.remote.ErrorHandler.throwIfResponseFailed(ErrorHandler.java:113)
	at org.openqa.selenium.remote.RemoteWebDriver.execute(RemoteWebDriver.java:424)
	at org.openqa.selenium.remote.RemoteWebDriver.findElement(RemoteWebDriver.java:210)
	at org.openqa.selenium.remote.RemoteWebDriver.findElementById(RemoteWebDriver.java:227)
	at org.openqa.selenium.By$ById.findElement(By.java:216)
	at org.openqa.selenium.remote.RemoteWebDriver.findElement(RemoteWebDriver.java:202)
	at mainPackage.frameWork.HelperWithWebDriverBase.findElement(HelperWithWebDriverBase.java:76)
	at mainPackage.frameWork.HelperWithWebDriverBase.click(HelperWithWebDriverBase.java:90)
	at mainPackage.frameWork.VerifyHelper.verifyEnterpriseAdded(VerifyHelper.java:39)
	at mainPackage.tests.EnterpriseCreationTests.EnterpriseCanBeAdded(EnterpriseCreationTests.java:29)
	at sun.reflect.NativeMethodAccessorImpl.invoke0(Native Method)
	at sun.reflect.NativeMethodAccessorImpl.invoke(Unknown Source)
	at sun.reflect.DelegatingMethodAccessorImpl.invoke(Unknown Source)
	at java.lang.reflect.Method.invoke(Unknown Source)
	at org.testng.internal.MethodInvocationHelper.invokeMethod(MethodInvocationHelper.java:80)
	at org.testng.internal.Invoker.invokeMethod(Invoker.java:691)
	at org.testng.internal.Invoker.invokeTestMethod(Invoker.java:883)
	at org.testng.internal.Invoker.invokeTestMethods(Invoker.java:1208)
	at org.testng.internal.TestMethodWorker.invokeTestMethods(TestMethodWorker.java:127)
	at org.testng.internal.TestMethodWorker.run(TestMethodWorker.java:111)
	at org.testng.TestRunner.privateRun(TestRunner.java:758)
	at org.testng.TestRunner.run(TestRunner.java:613)
	at org.testng.SuiteRunner.runTest(SuiteRunner.java:334)
	at org.testng.SuiteRunner.runSequentially(SuiteRunner.java:329)
	at org.testng.SuiteRunner.privateRun(SuiteRunner.java:291)
	at org.testng.SuiteRunner.run(SuiteRunner.java:240)
	at org.testng.SuiteRunnerWorker.runSuite(SuiteRunnerWorker.java:53)
	at org.testng.SuiteRunnerWorker.run(SuiteRunnerWorker.java:87)
	at org.testng.TestNG.runSuitesSequentially(TestNG.java:1142)
	at org.testng.TestNG.runSuitesLocally(TestNG.java:1067)
	at org.testng.TestNG.run(TestNG.java:979)
	at org.testng.remote.RemoteTestNG.run(RemoteTestNG.java:109)
	at org.testng.remote.RemoteTestNG.initAndRun(RemoteTestNG.java:202)
	at org.testng.remote.RemoteTestNG.main(RemoteTestNG.java:173)
Caused by: org.openqa.selenium.remote.ErrorHandler$UnknownServerException: Unable to locate element: {"method":"id","selector":"MainBodyPlaceHolder_ContentPlaceHolder1_gvSearchResult_lbtnEdit_0"}
Build info: version: '2.15.0', revision: '15105', time: '2011-12-08 09:56:25'
System info: os.name: 'Windows 7', os.arch: 'amd64', os.version: '6.1', java.version: '1.6.0_30'
Driver info: driver.version: unknown
	at &lt;anonymous class&gt;.&lt;anonymous method&gt;(file:///C:/Users/Xotabu4/AppData/Local/Temp/anonymous1132708679635023022webdriver-profile/extensions/fxdriver@googlecode.com/components/driver-component.js -&gt; file:///C:/Users/Xotabu4/AppData/Local/Temp/anonymous1132708679635023022webdriver-profile/extensions/fxdriver@googlecode.com/components/firefoxDriver.js:383)
	at &lt;anonymous class&gt;.&lt;anonymous method&gt;(resource://fxdriver/modules/atoms.js:9851)
</pre></div></td>
<td>19</td>
<td>mainPackage.tests.EnterpriseCreationTests@27b15692</td></tr>
<tr>
<td title='mainPackage.tests.EnterpriseCreationTests.EnterpriseCanBeAddedWithExistingNameThatCorrectedToNonExistingName()'><b>EnterpriseCanBeAddedWithExistingNameThatCorrectedToNonExistingName</b><br>Test class: mainPackage.tests.EnterpriseCreationTests<br>Parameters: mainPackage.frameWork.Enterprise.EnterpriseUserObject@121321f5</td>
<td><div><pre>org.openqa.selenium.NoSuchElementException: Unable to locate element: {&quot;method&quot;:&quot;css selector&quot;,&quot;selector&quot;:&quot;.form-error-notif-message&quot;}
Command duration or timeout: 15.10 seconds
For documentation on this error, please visit: http://seleniumhq.org/exceptions/no_such_element.html
Build info: version: &apos;2.15.0&apos;, revision: &apos;15105&apos;, time: &apos;2011-12-08 09:56:25&apos;
System info: os.name: &apos;Windows 7&apos;, os.arch: &apos;amd64&apos;, os.version: &apos;6.1&apos;, java.version: &apos;1.6.0_30&apos;
Driver info: driver.version: RemoteWebDriver
	at org.openqa.selenium.remote.ErrorHandler.createThrowable(ErrorHandler.java:147)
	at org.openqa.selenium.remote.ErrorHandler.throwIfResponseFailed(ErrorHandler.java:113)
	at org.openqa.selenium.remote.RemoteWebDriver.execute(RemoteWebDriver.java:424)
	at org.openqa.selenium.remote.RemoteWebDriver.findElement(RemoteWebDriver.java:210)
	at org.openqa.selenium.remote.RemoteWebDriver.findElementByCssSelector(RemoteWebDriver.java:275)
	at org.openqa.selenium.By$ByCssSelector.findElement(By.java:407)
	at org.openqa.selenium.remote.RemoteWebDriver.findElement(RemoteWebDriver.java:202)
	at mainPackage.frameWork.HelperWithWebDriverBase.findElement(HelperWithWebDriverBase.java:76)
	at mainPackage.frameWork.VerifyHelper.verifyExistNameErrorIsAppear(VerifyHelper.java:229)
	at mainPackage.tests.EnterpriseCreationTests.EnterpriseCanBeAddedWithExistingNameThatCorrectedToNonExistingName(EnterpriseCreationTests.java:46)
Caused by: org.openqa.selenium.remote.ErrorHandler$UnknownServerException: Unable to locate element: {&quot;method&quot;:&quot;css selector&quot;,&quot;selector&quot;:&quot;.form-error-notif-message&quot;}
Build info: version: &apos;2.15.0&apos;, revision: &apos;15105&apos;, time: &apos;2011-12-08 09:56:25&apos;
System info: os.name: &apos;Windows 7&apos;, os.arch: &apos;amd64&apos;, os.version: &apos;6.1&apos;, java.version: &apos;1.6.0_30&apos;
Driver info: driver.version: unknown
	at &lt;anonymous class&gt;.&lt;anonymous method&gt;(file:///C:/Users/Xotabu4/AppData/Local/Temp/anonymous1132708679635023022webdriver-profile/extensions/fxdriver@googlecode.com/components/driver-component.js -&gt; file:///C:/Users/Xotabu4/AppData/Local/Temp/anonymous1132708679635023022webdriver-profile/extensions/fxdriver@googlecode.com/components/firefoxDriver.js:383)
	at &lt;anonymous class&gt;.&lt;anonymous method&gt;(resource://fxdriver/modules/atoms.js:9851)
... Removed 28 stack frames</pre></div><a href='#' onClick='toggleBox("stack-trace617013740", this, "Click to show all stack frames", "Click to hide stack frames")'>Click to show all stack frames</a>
<div class='stack-trace' id='stack-trace617013740'><pre>org.openqa.selenium.NoSuchElementException: Unable to locate element: {"method":"css selector","selector":".form-error-notif-message"}
Command duration or timeout: 15.10 seconds
For documentation on this error, please visit: http://seleniumhq.org/exceptions/no_such_element.html
Build info: version: '2.15.0', revision: '15105', time: '2011-12-08 09:56:25'
System info: os.name: 'Windows 7', os.arch: 'amd64', os.version: '6.1', java.version: '1.6.0_30'
Driver info: driver.version: RemoteWebDriver
	at sun.reflect.NativeConstructorAccessorImpl.newInstance0(Native Method)
	at sun.reflect.NativeConstructorAccessorImpl.newInstance(Unknown Source)
	at sun.reflect.DelegatingConstructorAccessorImpl.newInstance(Unknown Source)
	at java.lang.reflect.Constructor.newInstance(Unknown Source)
	at org.openqa.selenium.remote.ErrorHandler.createThrowable(ErrorHandler.java:147)
	at org.openqa.selenium.remote.ErrorHandler.throwIfResponseFailed(ErrorHandler.java:113)
	at org.openqa.selenium.remote.RemoteWebDriver.execute(RemoteWebDriver.java:424)
	at org.openqa.selenium.remote.RemoteWebDriver.findElement(RemoteWebDriver.java:210)
	at org.openqa.selenium.remote.RemoteWebDriver.findElementByCssSelector(RemoteWebDriver.java:275)
	at org.openqa.selenium.By$ByCssSelector.findElement(By.java:407)
	at org.openqa.selenium.remote.RemoteWebDriver.findElement(RemoteWebDriver.java:202)
	at mainPackage.frameWork.HelperWithWebDriverBase.findElement(HelperWithWebDriverBase.java:76)
	at mainPackage.frameWork.VerifyHelper.verifyExistNameErrorIsAppear(VerifyHelper.java:229)
	at mainPackage.tests.EnterpriseCreationTests.EnterpriseCanBeAddedWithExistingNameThatCorrectedToNonExistingName(EnterpriseCreationTests.java:46)
	at sun.reflect.NativeMethodAccessorImpl.invoke0(Native Method)
	at sun.reflect.NativeMethodAccessorImpl.invoke(Unknown Source)
	at sun.reflect.DelegatingMethodAccessorImpl.invoke(Unknown Source)
	at java.lang.reflect.Method.invoke(Unknown Source)
	at org.testng.internal.MethodInvocationHelper.invokeMethod(MethodInvocationHelper.java:80)
	at org.testng.internal.Invoker.invokeMethod(Invoker.java:691)
	at org.testng.internal.Invoker.invokeTestMethod(Invoker.java:883)
	at org.testng.internal.Invoker.invokeTestMethods(Invoker.java:1208)
	at org.testng.internal.TestMethodWorker.invokeTestMethods(TestMethodWorker.java:127)
	at org.testng.internal.TestMethodWorker.run(TestMethodWorker.java:111)
	at org.testng.TestRunner.privateRun(TestRunner.java:758)
	at org.testng.TestRunner.run(TestRunner.java:613)
	at org.testng.SuiteRunner.runTest(SuiteRunner.java:334)
	at org.testng.SuiteRunner.runSequentially(SuiteRunner.java:329)
	at org.testng.SuiteRunner.privateRun(SuiteRunner.java:291)
	at org.testng.SuiteRunner.run(SuiteRunner.java:240)
	at org.testng.SuiteRunnerWorker.runSuite(SuiteRunnerWorker.java:53)
	at org.testng.SuiteRunnerWorker.run(SuiteRunnerWorker.java:87)
	at org.testng.TestNG.runSuitesSequentially(TestNG.java:1142)
	at org.testng.TestNG.runSuitesLocally(TestNG.java:1067)
	at org.testng.TestNG.run(TestNG.java:979)
	at org.testng.remote.RemoteTestNG.run(RemoteTestNG.java:109)
	at org.testng.remote.RemoteTestNG.initAndRun(RemoteTestNG.java:202)
	at org.testng.remote.RemoteTestNG.main(RemoteTestNG.java:173)
Caused by: org.openqa.selenium.remote.ErrorHandler$UnknownServerException: Unable to locate element: {"method":"css selector","selector":".form-error-notif-message"}
Build info: version: '2.15.0', revision: '15105', time: '2011-12-08 09:56:25'
System info: os.name: 'Windows 7', os.arch: 'amd64', os.version: '6.1', java.version: '1.6.0_30'
Driver info: driver.version: unknown
	at &lt;anonymous class&gt;.&lt;anonymous method&gt;(file:///C:/Users/Xotabu4/AppData/Local/Temp/anonymous1132708679635023022webdriver-profile/extensions/fxdriver@googlecode.com/components/driver-component.js -&gt; file:///C:/Users/Xotabu4/AppData/Local/Temp/anonymous1132708679635023022webdriver-profile/extensions/fxdriver@googlecode.com/components/firefoxDriver.js:383)
	at &lt;anonymous class&gt;.&lt;anonymous method&gt;(resource://fxdriver/modules/atoms.js:9851)
</pre></div></td>
<td>18</td>
<td>mainPackage.tests.EnterpriseCreationTests@27b15692</td></tr>
<tr>
<td title='mainPackage.tests.EnterpriseCreationTests.EnterpriseCannotBeAddedWithEmptyFields()'><b>EnterpriseCannotBeAddedWithEmptyFields</b><br>Test class: mainPackage.tests.EnterpriseCreationTests</td>
<td><div><pre>java.lang.AssertionError: 
Expected: &lt;16&gt;
     got: &lt;23&gt;

	at org.hamcrest.MatcherAssert.assertThat(MatcherAssert.java:21)
	at org.hamcrest.MatcherAssert.assertThat(MatcherAssert.java:8)
	at mainPackage.frameWork.VerifyHelper.verifyThatValidationBlockCreating(VerifyHelper.java:223)
	at mainPackage.tests.EnterpriseCreationTests.EnterpriseCannotBeAddedWithEmptyFields(EnterpriseCreationTests.java:77)
... Removed 24 stack frames</pre></div><a href='#' onClick='toggleBox("stack-trace19008310", this, "Click to show all stack frames", "Click to hide stack frames")'>Click to show all stack frames</a>
<div class='stack-trace' id='stack-trace19008310'><pre>java.lang.AssertionError: 
Expected: &lt;16&gt;
     got: &lt;23&gt;

	at org.hamcrest.MatcherAssert.assertThat(MatcherAssert.java:21)
	at org.hamcrest.MatcherAssert.assertThat(MatcherAssert.java:8)
	at mainPackage.frameWork.VerifyHelper.verifyThatValidationBlockCreating(VerifyHelper.java:223)
	at mainPackage.tests.EnterpriseCreationTests.EnterpriseCannotBeAddedWithEmptyFields(EnterpriseCreationTests.java:77)
	at sun.reflect.NativeMethodAccessorImpl.invoke0(Native Method)
	at sun.reflect.NativeMethodAccessorImpl.invoke(Unknown Source)
	at sun.reflect.DelegatingMethodAccessorImpl.invoke(Unknown Source)
	at java.lang.reflect.Method.invoke(Unknown Source)
	at org.testng.internal.MethodInvocationHelper.invokeMethod(MethodInvocationHelper.java:80)
	at org.testng.internal.Invoker.invokeMethod(Invoker.java:691)
	at org.testng.internal.Invoker.invokeTestMethod(Invoker.java:883)
	at org.testng.internal.Invoker.invokeTestMethods(Invoker.java:1208)
	at org.testng.internal.TestMethodWorker.invokeTestMethods(TestMethodWorker.java:127)
	at org.testng.internal.TestMethodWorker.run(TestMethodWorker.java:111)
	at org.testng.TestRunner.privateRun(TestRunner.java:758)
	at org.testng.TestRunner.run(TestRunner.java:613)
	at org.testng.SuiteRunner.runTest(SuiteRunner.java:334)
	at org.testng.SuiteRunner.runSequentially(SuiteRunner.java:329)
	at org.testng.SuiteRunner.privateRun(SuiteRunner.java:291)
	at org.testng.SuiteRunner.run(SuiteRunner.java:240)
	at org.testng.SuiteRunnerWorker.runSuite(SuiteRunnerWorker.java:53)
	at org.testng.SuiteRunnerWorker.run(SuiteRunnerWorker.java:87)
	at org.testng.TestNG.runSuitesSequentially(TestNG.java:1142)
	at org.testng.TestNG.runSuitesLocally(TestNG.java:1067)
	at org.testng.TestNG.run(TestNG.java:979)
	at org.testng.remote.RemoteTestNG.run(RemoteTestNG.java:109)
	at org.testng.remote.RemoteTestNG.initAndRun(RemoteTestNG.java:202)
	at org.testng.remote.RemoteTestNG.main(RemoteTestNG.java:173)
</pre></div></td>
<td>3</td>
<td>mainPackage.tests.EnterpriseCreationTests@27b15692</td></tr>
</table><p>
<table width='100%' border='1' class='invocation-passed'>
<tr><td colspan='4' align='center'><b>PASSED TESTS</b></td></tr>
<tr><td><b>Test method</b></td>
<td width="30%"><b>Exception</b></td>
<td width="10%"><b>Time (seconds)</b></td>
<td><b>Instance</b></td>
</tr>
<tr>
<td title='mainPackage.tests.AffiliateCreationTest.AffiliateCannotBeAddedWithEmptyFields()'><b>AffiliateCannotBeAddedWithEmptyFields</b><br>Test class: mainPackage.tests.AffiliateCreationTest</td>
<td></td>
<td>53</td>
<td>mainPackage.tests.AffiliateCreationTest@2ec791b9</td></tr>
<tr>
<td title='mainPackage.tests.LeadProviderCreationTests.LeadProviderCanBeAdded()'><b>LeadProviderCanBeAdded</b><br>Test class: mainPackage.tests.LeadProviderCreationTests</td>
<td></td>
<td>10</td>
<td>mainPackage.tests.LeadProviderCreationTests@303020ad</td></tr>
<tr>
<td title='mainPackage.tests.SalesTests.salesCannotBeAddedWithEmptyFields()'><b>salesCannotBeAddedWithEmptyFields</b><br>Test class: mainPackage.tests.SalesTests</td>
<td></td>
<td>8</td>
<td>mainPackage.tests.SalesTests@1e9e5c73</td></tr>
<tr>
<td title='mainPackage.tests.SalesTests.salesUnderAdminCanBeCreated()'><b>salesUnderAdminCanBeCreated</b><br>Test class: mainPackage.tests.SalesTests</td>
<td></td>
<td>38</td>
<td>mainPackage.tests.SalesTests@1e9e5c73</td></tr>
</table><p>
</body>
</html>