<?xml version="1.0" encoding="UTF-8"?>
<!-- Generated by org.testng.reporters.JUnitXMLReporter -->
<testsuite hostname="Xotabu4-Laptop" name="UserCreationTests" tests="7" failures="3" timestamp="3 Apr 2012 09:09:18 GMT" time="152.625" errors="0">
  <testcase name="AffiliateCannotBeAddedWithEmptyFields" time="53.402" classname="mainPackage.tests.AffiliateCreationTest"/>
  <testcase name="salesCannotBeAddedWithEmptyFields" time="8.217" classname="mainPackage.tests.SalesTests"/>
  <testcase name="salesUnderAdminCanBeCreated" time="38.46" classname="mainPackage.tests.SalesTests"/>
  <testcase name="EnterpriseCanBeAdded" time="19.785" classname="mainPackage.tests.EnterpriseCreationTests">
    <failure type="org.openqa.selenium.NoSuchElementException" message="Unable to locate element: {&amp;quot;method&amp;quot;:&amp;quot;id&amp;quot;,&amp;quot;selector&amp;quot;:&amp;quot;MainBodyPlaceHolder_ContentPlaceHolder1_gvSearchResult_lbtnEdit_0&amp;quot;}
Command duration or timeout: 15.03 seconds
For documentation on this error, please visit: http://seleniumhq.org/exceptions/no_such_element.html
Build info: version: &amp;apos;2.15.0&amp;apos;, revision: &amp;apos;15105&amp;apos;, time: &amp;apos;2011-12-08 09:56:25&amp;apos;
System info: os.name: &amp;apos;Windows 7&amp;apos;, os.arch: &amp;apos;amd64&amp;apos;, os.version: &amp;apos;6.1&amp;apos;, java.version: &amp;apos;1.6.0_30&amp;apos;
Driver info: driver.version: RemoteWebDriver">
      <![CDATA[org.openqa.selenium.NoSuchElementException: Unable to locate element: {"method":"id","selector":"MainBodyPlaceHolder_ContentPlaceHolder1_gvSearchResult_lbtnEdit_0"}
Command duration or timeout: 15.03 seconds
For documentation on this error, please visit: http://seleniumhq.org/exceptions/no_such_element.html
Build info: version: '2.15.0', revision: '15105', time: '2011-12-08 09:56:25'
System info: os.name: 'Windows 7', os.arch: 'amd64', os.version: '6.1', java.version: '1.6.0_30'
Driver info: driver.version: RemoteWebDriver
	at org.openqa.selenium.remote.ErrorHandler.createThrowable(ErrorHandler.java:147)
	at org.openqa.selenium.remote.ErrorHandler.throwIfResponseFailed(ErrorHandler.java:113)
	at org.openqa.selenium.remote.RemoteWebDriver.execute(RemoteWebDriver.java:424)
	at org.openqa.selenium.remote.RemoteWebDriver.findElement(RemoteWebDriver.java:210)
	at org.openqa.selenium.remote.RemoteWebDriver.findElementById(RemoteWebDriver.java:227)
	at org.openqa.selenium.By$ById.findElement(By.java:216)
	at org.openqa.selenium.remote.RemoteWebDriver.findElement(RemoteWebDriver.java:202)
	at mainPackage.frameWork.HelperWithWebDriverBase.findElement(HelperWithWebDriverBase.java:76)
	at mainPackage.frameWork.HelperWithWebDriverBase.click(HelperWithWebDriverBase.java:90)
	at mainPackage.frameWork.VerifyHelper.verifyEnterpriseAdded(VerifyHelper.java:39)
	at mainPackage.tests.EnterpriseCreationTests.EnterpriseCanBeAdded(EnterpriseCreationTests.java:29)
Caused by: org.openqa.selenium.remote.ErrorHandler$UnknownServerException: Unable to locate element: {"method":"id","selector":"MainBodyPlaceHolder_ContentPlaceHolder1_gvSearchResult_lbtnEdit_0"}
Build info: version: '2.15.0', revision: '15105', time: '2011-12-08 09:56:25'
System info: os.name: 'Windows 7', os.arch: 'amd64', os.version: '6.1', java.version: '1.6.0_30'
Driver info: driver.version: unknown
	at <anonymous class>.<anonymous method>(file:///C:/Users/Xotabu4/AppData/Local/Temp/anonymous1132708679635023022webdriver-profile/extensions/fxdriver@googlecode.com/components/driver-component.js -> file:///C:/Users/Xotabu4/AppData/Local/Temp/anonymous1132708679635023022webdriver-profile/extensions/fxdriver@googlecode.com/components/firefoxDriver.js:383)
	at <anonymous class>.<anonymous method>(resource://fxdriver/modules/atoms.js:9851)
... Removed 28 stack frames]]>
    </failure>
  </testcase>
  <testcase name="EnterpriseCanBeAddedWithExistingNameThatCorrectedToNonExistingName" time="18.446" classname="mainPackage.tests.EnterpriseCreationTests">
    <failure type="org.openqa.selenium.NoSuchElementException" message="Unable to locate element: {&amp;quot;method&amp;quot;:&amp;quot;css selector&amp;quot;,&amp;quot;selector&amp;quot;:&amp;quot;.form-error-notif-message&amp;quot;}
Command duration or timeout: 15.10 seconds
For documentation on this error, please visit: http://seleniumhq.org/exceptions/no_such_element.html
Build info: version: &amp;apos;2.15.0&amp;apos;, revision: &amp;apos;15105&amp;apos;, time: &amp;apos;2011-12-08 09:56:25&amp;apos;
System info: os.name: &amp;apos;Windows 7&amp;apos;, os.arch: &amp;apos;amd64&amp;apos;, os.version: &amp;apos;6.1&amp;apos;, java.version: &amp;apos;1.6.0_30&amp;apos;
Driver info: driver.version: RemoteWebDriver">
      <![CDATA[org.openqa.selenium.NoSuchElementException: Unable to locate element: {"method":"css selector","selector":".form-error-notif-message"}
Command duration or timeout: 15.10 seconds
For documentation on this error, please visit: http://seleniumhq.org/exceptions/no_such_element.html
Build info: version: '2.15.0', revision: '15105', time: '2011-12-08 09:56:25'
System info: os.name: 'Windows 7', os.arch: 'amd64', os.version: '6.1', java.version: '1.6.0_30'
Driver info: driver.version: RemoteWebDriver
	at org.openqa.selenium.remote.ErrorHandler.createThrowable(ErrorHandler.java:147)
	at org.openqa.selenium.remote.ErrorHandler.throwIfResponseFailed(ErrorHandler.java:113)
	at org.openqa.selenium.remote.RemoteWebDriver.execute(RemoteWebDriver.java:424)
	at org.openqa.selenium.remote.RemoteWebDriver.findElement(RemoteWebDriver.java:210)
	at org.openqa.selenium.remote.RemoteWebDriver.findElementByCssSelector(RemoteWebDriver.java:275)
	at org.openqa.selenium.By$ByCssSelector.findElement(By.java:407)
	at org.openqa.selenium.remote.RemoteWebDriver.findElement(RemoteWebDriver.java:202)
	at mainPackage.frameWork.HelperWithWebDriverBase.findElement(HelperWithWebDriverBase.java:76)
	at mainPackage.frameWork.VerifyHelper.verifyExistNameErrorIsAppear(VerifyHelper.java:229)
	at mainPackage.tests.EnterpriseCreationTests.EnterpriseCanBeAddedWithExistingNameThatCorrectedToNonExistingName(EnterpriseCreationTests.java:46)
Caused by: org.openqa.selenium.remote.ErrorHandler$UnknownServerException: Unable to locate element: {"method":"css selector","selector":".form-error-notif-message"}
Build info: version: '2.15.0', revision: '15105', time: '2011-12-08 09:56:25'
System info: os.name: 'Windows 7', os.arch: 'amd64', os.version: '6.1', java.version: '1.6.0_30'
Driver info: driver.version: unknown
	at <anonymous class>.<anonymous method>(file:///C:/Users/Xotabu4/AppData/Local/Temp/anonymous1132708679635023022webdriver-profile/extensions/fxdriver@googlecode.com/components/driver-component.js -> file:///C:/Users/Xotabu4/AppData/Local/Temp/anonymous1132708679635023022webdriver-profile/extensions/fxdriver@googlecode.com/components/firefoxDriver.js:383)
	at <anonymous class>.<anonymous method>(resource://fxdriver/modules/atoms.js:9851)
... Removed 28 stack frames]]>
    </failure>
  </testcase>
  <testcase name="EnterpriseCannotBeAddedWithEmptyFields" time="3.009" classname="mainPackage.tests.EnterpriseCreationTests">
    <failure type="java.lang.AssertionError" message="
Expected: &amp;lt;16&amp;gt;
     got: &amp;lt;23&amp;gt;
">
      <![CDATA[java.lang.AssertionError: 
Expected: <16>
     got: <23>

	at org.hamcrest.MatcherAssert.assertThat(MatcherAssert.java:21)
	at org.hamcrest.MatcherAssert.assertThat(MatcherAssert.java:8)
	at mainPackage.frameWork.VerifyHelper.verifyThatValidationBlockCreating(VerifyHelper.java:223)
	at mainPackage.tests.EnterpriseCreationTests.EnterpriseCannotBeAddedWithEmptyFields(EnterpriseCreationTests.java:77)
... Removed 24 stack frames]]>
    </failure>
  </testcase>
  <testcase name="LeadProviderCanBeAdded" time="10.45" classname="mainPackage.tests.LeadProviderCreationTests"/>
</testsuite>
